Copyright 1986-2019 Xilinx, Inc. All Rights Reserved.
---------------------------------------------------------------------------------------
| Tool Version : Vivado v.2019.1 (win64) Build 2552052 Fri May 24 14:49:42 MDT 2019
| Date         : Sat Oct 29 11:03:25 2022
| Host         : DESKTOP-BKPO70B running 64-bit major release  (build 9200)
| Command      : report_control_sets -verbose -file NEXYS4_DDR_control_sets_placed.rpt
| Design       : NEXYS4_DDR
| Device       : xc7a100t
---------------------------------------------------------------------------------------

Control Set Information

Table of Contents
-----------------
1. Summary
2. Histogram
3. Flip-Flop Distribution
4. Detailed Control Set Information

1. Summary
----------

+----------------------------------------------------------+-------+
|                          Status                          | Count |
+----------------------------------------------------------+-------+
| Total control sets                                       |    41 |
|    Minimum number of control sets                        |    41 |
|    Addition due to synthesis replication                 |     0 |
|    Addition due to physical synthesis replication        |     0 |
| Unused register locations in slices containing registers |    45 |
+----------------------------------------------------------+-------+
* Control sets can be merged at opt_design using control_set_merge or merge_equivalent_drivers
** Run report_qor_suggestions for automated merging and remapping suggestions


2. Histogram
------------

+--------------------+-------+
|       Fanout       | Count |
+--------------------+-------+
| Total control sets |    41 |
| >= 0 to < 4        |     2 |
| >= 4 to < 6        |     2 |
| >= 6 to < 8        |     1 |
| >= 8 to < 10       |     6 |
| >= 10 to < 12      |     0 |
| >= 12 to < 14      |     2 |
| >= 14 to < 16      |     0 |
| >= 16              |    28 |
+--------------------+-------+
* Control sets can be remapped at either synth_design or opt_design


3. Flip-Flop Distribution
-------------------------

+--------------+-----------------------+------------------------+-----------------+--------------+
| Clock Enable | Synchronous Set/Reset | Asynchronous Set/Reset | Total Registers | Total Slices |
+--------------+-----------------------+------------------------+-----------------+--------------+
| No           | No                    | No                     |              13 |            9 |
| No           | No                    | Yes                    |               4 |            2 |
| No           | Yes                   | No                     |              73 |           26 |
| Yes          | No                    | No                     |              57 |           21 |
| Yes          | No                    | Yes                    |               0 |            0 |
| Yes          | Yes                   | No                     |             816 |          260 |
+--------------+-----------------------+------------------------+-----------------+--------------+


4. Detailed Control Set Information
-----------------------------------

+------------------------+------------------------------------------------+----------------------------------------------------+------------------+----------------+
|      Clock Signal      |                  Enable Signal                 |                  Set/Reset Signal                  | Slice Load Count | Bel Load Count |
+------------------------+------------------------------------------------+----------------------------------------------------+------------------+----------------+
|  sys_clk/inst/clk_out1 | udm/uart_tx/tx_o_i_1_n_0                       | reset_sync/Q[0]                                    |                1 |              1 |
|  sys_clk/inst/clk_out1 | udm/udm_controller/timeout_counter[31]_i_2_n_0 |                                                    |                1 |              1 |
|  sys_clk/inst/clk_out1 |                                                | reset_sync/arst                                    |                2 |              4 |
|  sys_clk/inst/clk_out1 | udm/uart_rx/FSM_sequential_state[3]_i_1_n_0    | reset_sync/Q[0]                                    |                1 |              4 |
|  sys_clk/inst/clk_out1 | udm/udm_controller/reset_syncbuf_reg[0]        | reset_sync/reset_syncbuf_reg[0]_0                  |                3 |              6 |
|  sys_clk/inst/clk_out1 | udm/udm_controller/tx_sendbyte[7]_i_2_n_0      | udm/udm_controller/tx_sendbyte[7]_i_1_n_0          |                1 |              8 |
|  sys_clk/inst/clk_out1 |                                                | udm/uart_rx/SR[0]                                  |                4 |              8 |
|  sys_clk/inst/clk_out1 | udm/uart_tx/databuf_0                          | reset_sync/Q[0]                                    |                2 |              8 |
|  sys_clk/inst/clk_out1 | udm/udm_controller/tx_sendbyte_ff[7]_i_1_n_0   |                                                    |                2 |              8 |
|  sys_clk/inst/clk_out1 | udm/uart_rx/dout_bo[7]_i_1_n_0                 | reset_sync/Q[0]                                    |                3 |              8 |
|  sys_clk/inst/clk_out1 |                                                | udm/udm_controller/FSM_sequential_state[2]_i_1_n_0 |                6 |              9 |
|  sys_clk/inst/clk_out1 |                                                | reset_sync/Q[0]                                    |                6 |             13 |
|  sys_clk/inst/clk_out1 |                                                |                                                    |                9 |             13 |
|  sys_clk/inst/clk_out1 | udm/udm_controller/bus_we_o_reg_1              |                                                    |               10 |             16 |
|  sys_clk/inst/clk_out1 | udm/udm_controller/bus_we_o_reg_1              | udm/udm_controller/bus_we_o_reg_0                  |                8 |             16 |
|  sys_clk/inst/clk_out1 | udm/uart_rx/bitperiod_o[28]_i_1_n_0            | reset_sync/Q[0]                                    |               12 |             30 |
|  sys_clk/inst/clk_out1 | udm/udm_controller/timeout_counter[31]_i_2_n_0 | udm/udm_controller/timeout_counter[31]_i_1_n_0     |                8 |             31 |
|  sys_clk/inst/clk_out1 | udm/uart_rx/clk_counter                        | reset_sync/Q[0]                                    |               10 |             32 |
|  sys_clk/inst/clk_out1 | udm/uart_tx/clk_counter                        | reset_sync/Q[0]                                    |                6 |             32 |
|  sys_clk/inst/clk_out1 | udm/udm_controller/RD_DATA_reg[23]_i_1_n_0     |                                                    |                8 |             32 |
|  sys_clk/inst/clk_out1 | udm/udm_controller/bus_addr_bo[31]_i_1_n_0     | udm/udm_controller/FSM_sequential_state[2]_i_1_n_0 |                8 |             32 |
|  sys_clk/inst/clk_out1 | udm/udm_controller/bus_addr_bo_reg[2]_0        | udm/udm_controller/bus_addr_bo_reg[2]_1            |                9 |             32 |
|  sys_clk/inst/clk_out1 | udm/udm_controller/bus_addr_bo_reg[2]_14       | udm/udm_controller/bus_addr_bo_reg[2]_15           |                8 |             32 |
|  sys_clk/inst/clk_out1 | udm/udm_controller/bus_addr_bo_reg[2]_32       | udm/udm_controller/bus_addr_bo_reg[2]_49           |               14 |             32 |
|  sys_clk/inst/clk_out1 | udm/udm_controller/bus_addr_bo_reg[2]_6        | udm/udm_controller/bus_addr_bo_reg[2]_7            |                7 |             32 |
|  sys_clk/inst/clk_out1 | udm/udm_controller/bus_addr_bo_reg[2]_26       | udm/udm_controller/bus_addr_bo_reg[2]_27           |               14 |             32 |
|  sys_clk/inst/clk_out1 | udm/udm_controller/bus_addr_bo_reg[2]_18       | udm/udm_controller/bus_addr_bo_reg[2]_19           |               12 |             32 |
|  sys_clk/inst/clk_out1 | udm/udm_controller/bus_addr_bo_reg[2]_28       | udm/udm_controller/bus_addr_bo_reg[2]_29           |               13 |             32 |
|  sys_clk/inst/clk_out1 | udm/udm_controller/bus_addr_bo_reg[2]_8        | udm/udm_controller/bus_addr_bo_reg[2]_9            |               12 |             32 |
|  sys_clk/inst/clk_out1 | udm/udm_controller/bus_addr_bo_reg[2]_12       | udm/udm_controller/bus_addr_bo_reg[2]_13           |               13 |             32 |
|  sys_clk/inst/clk_out1 | udm/udm_controller/bus_addr_bo_reg[2]_4        | udm/udm_controller/bus_addr_bo_reg[2]_5            |               10 |             32 |
|  sys_clk/inst/clk_out1 | udm/udm_controller/bus_addr_bo_reg[2]_2        | udm/udm_controller/bus_addr_bo_reg[2]_3            |               12 |             32 |
|  sys_clk/inst/clk_out1 | udm/udm_controller/bus_addr_bo_reg[2]_20       | udm/udm_controller/bus_addr_bo_reg[2]_21           |               12 |             32 |
|  sys_clk/inst/clk_out1 | udm/udm_controller/bus_addr_bo_reg[2]_24       | udm/udm_controller/bus_addr_bo_reg[2]_25           |               13 |             32 |
|  sys_clk/inst/clk_out1 | udm/udm_controller/bus_wdata_bo[31]_i_1_n_0    | udm/udm_controller/FSM_sequential_state[2]_i_1_n_0 |                5 |             32 |
|  sys_clk/inst/clk_out1 | udm/udm_controller/bus_addr_bo_reg[2]_10       | udm/udm_controller/bus_addr_bo_reg[2]_11           |               10 |             32 |
|  sys_clk/inst/clk_out1 | udm/udm_controller/bus_addr_bo_reg[2]_30       | udm/udm_controller/bus_addr_bo_reg[2]_31           |                6 |             32 |
|  sys_clk/inst/clk_out1 | udm/udm_controller/tr_length[31]_i_2_n_0       | udm/udm_controller/tr_length[31]_i_1_n_0           |               13 |             32 |
|  sys_clk/inst/clk_out1 | udm/udm_controller/bus_addr_bo_reg[2]_22       | udm/udm_controller/bus_addr_bo_reg[2]_23           |                6 |             32 |
|  sys_clk/inst/clk_out1 | udm/udm_controller/bus_addr_bo_reg[2]_16       | udm/udm_controller/bus_addr_bo_reg[2]_17           |                8 |             32 |
|  sys_clk/inst/clk_out1 |                                                | udm/udm_controller/bus_addr_bo_reg[30]_1           |               10 |             43 |
+------------------------+------------------------------------------------+----------------------------------------------------+------------------+----------------+


